0 info it worked if it ends with ok
1 verbose cli [ 'C:\\Program Files\\nodejs\\node.exe',
1 verbose cli   'C:\\Users\\Taylor\\AppData\\Roaming\\npm\\node_modules\\npm\\bin\\npm-cli.js',
1 verbose cli   'start' ]
2 info using npm@3.10.2
3 info using node@v4.4.6
4 verbose run-script [ 'prestart', 'start', 'poststart' ]
5 info lifecycle joe-patient@1.0.0~prestart: joe-patient@1.0.0
6 silly lifecycle joe-patient@1.0.0~prestart: no script for prestart, continuing
7 info lifecycle joe-patient@1.0.0~start: joe-patient@1.0.0
8 verbose lifecycle joe-patient@1.0.0~start: unsafe-perm in lifecycle true
9 verbose lifecycle joe-patient@1.0.0~start: PATH: C:\Users\Taylor\AppData\Roaming\npm\node_modules\npm\bin\node-gyp-bin;C:\Users\Taylor\Desktop\Web Dev. Files\Source\HospitalApp\node_modules\.bin;C:\Program Files\nodejs;C:\Program Files (x86)\Intel\iCLS Client\;C:\Program Files\Intel\iCLS Client\;C:\Windows\system32;C:\Windows;C:\Windows\System32\Wbem;C:\Windows\System32\WindowsPowerShell\v1.0\;C:\Program Files\Intel\Intel(R) Management Engine Components\DAL;C:\Program Files\Intel\Intel(R) Management Engine Components\IPT;C:\Program Files (x86)\Intel\Intel(R) Management Engine Components\DAL;C:\Program Files (x86)\Intel\Intel(R) Management Engine Components\IPT;C:\Program Files (x86)\NVIDIA Corporation\PhysX\Common;C:\WINDOWS\system32;C:\WINDOWS;C:\WINDOWS\System32\Wbem;C:\WINDOWS\System32\WindowsPowerShell\v1.0\;C:\Program Files\Git\cmd;C:\Program Files\nodejs\;;C:\Program Files (x86)\Microsoft VS Code\bin;C:\Users\Taylor\AppData\Roaming\npm
10 verbose lifecycle joe-patient@1.0.0~start: CWD: C:\Users\Taylor\Desktop\Web Dev. Files\Source\HospitalApp
11 silly lifecycle joe-patient@1.0.0~start: Args: [ '/d /s /c',
11 silly lifecycle   'tsc && concurrently "npm run tsc:w" "npm run lite" ' ]
12 silly lifecycle joe-patient@1.0.0~start: Returned: code: 2  signal: null
13 info lifecycle joe-patient@1.0.0~start: Failed to exec start script
14 verbose stack Error: joe-patient@1.0.0 start: `tsc && concurrently "npm run tsc:w" "npm run lite" `
14 verbose stack Exit status 2
14 verbose stack     at EventEmitter.<anonymous> (C:\Users\Taylor\AppData\Roaming\npm\node_modules\npm\lib\utils\lifecycle.js:242:16)
14 verbose stack     at emitTwo (events.js:87:13)
14 verbose stack     at EventEmitter.emit (events.js:172:7)
14 verbose stack     at ChildProcess.<anonymous> (C:\Users\Taylor\AppData\Roaming\npm\node_modules\npm\lib\utils\spawn.js:40:14)
14 verbose stack     at emitTwo (events.js:87:13)
14 verbose stack     at ChildProcess.emit (events.js:172:7)
14 verbose stack     at maybeClose (internal/child_process.js:827:16)
14 verbose stack     at Process.ChildProcess._handle.onexit (internal/child_process.js:211:5)
15 verbose pkgid joe-patient@1.0.0
16 verbose cwd C:\Users\Taylor\Desktop\Web Dev. Files\Source\HospitalApp
17 error Windows_NT 10.0.10586
18 error argv "C:\\Program Files\\nodejs\\node.exe" "C:\\Users\\Taylor\\AppData\\Roaming\\npm\\node_modules\\npm\\bin\\npm-cli.js" "start"
19 error node v4.4.6
20 error npm  v3.10.2
21 error code ELIFECYCLE
22 error joe-patient@1.0.0 start: `tsc && concurrently "npm run tsc:w" "npm run lite" `
22 error Exit status 2
23 error Failed at the joe-patient@1.0.0 start script 'tsc && concurrently "npm run tsc:w" "npm run lite" '.
23 error Make sure you have the latest version of node.js and npm installed.
23 error If you do, this is most likely a problem with the joe-patient package,
23 error not with npm itself.
23 error Tell the author that this fails on your system:
23 error     tsc && concurrently "npm run tsc:w" "npm run lite"
23 error You can get information on how to open an issue for this project with:
23 error     npm bugs joe-patient
23 error Or if that isn't available, you can get their info via:
23 error     npm owner ls joe-patient
23 error There is likely additional logging output above.
24 verbose exit [ 1, true ]
